<?xml version="1.0" encoding="UTF-8"?>
<testsuite xmlns:xsi="http://www.w3.org/2001/XMLSchema-instance" xsi:noNamespaceSchemaLocation="https://maven.apache.org/surefire/maven-surefire-plugin/xsd/surefire-test-report.xsd" version="3.0.2" name="com.example.empmgmt.SampleProject1ApplicationTests" time="10.092" tests="1" errors="0" skipped="0" failures="0">
  <properties>
[...]
</properties>
  <testcase name="contextLoads" classname="com.example.empmgmt.SampleProject1ApplicationTests" time="0.412">
    <system-out><![CDATA[22:39:11.628 [main] INFO org.springframework.test.context.support.AnnotationConfigContextLoaderUtils -- Could not detect default configuration classes for test class [com.example.empmgmt.SampleProject1ApplicationTests]: SampleProject1ApplicationTests does not declare any static, non-private, non-final, nested classes annotated with @Configuration.
22:39:11.739 [main] INFO org.springframework.boot.test.context.SpringBootTestContextBootstrapper -- Found @SpringBootConfiguration com.example.empmgmt.SampleProject1Application for test class com.example.empmgmt.SampleProject1ApplicationTests

  .   ____          _            __ _ _
 /\\ / ___'_ __ _ _(_)_ __  __ _ \ \ \ \
( ( )\___ | '_ | '_| | '_ \/ _` | \ \ \ \
 \\/  ___)| |_)| | | | | || (_| |  ) ) ) )
  '  |____| .__|_| |_|_| |_\__, | / / / /
 =========|_|==============|___/=/_/_/_/

 :: Spring Boot ::                (v3.4.3)

2025-03-18T22:39:12.184+05:30  INFO 7124 --- [SampleProject-1] [           main] c.e.e.SampleProject1ApplicationTests     : Starting SampleProject1ApplicationTests using Java 17.0.9 with PID 7124 (started by rohit in C:\Users\rohit\Documents\workspace-spring-tool-suite-4-4.22.1.RELEASE\SampleProject-1)
2025-03-18T22:39:12.186+05:30  INFO 7124 --- [SampleProject-1] [           main] c.e.e.SampleProject1ApplicationTests     : No active profile set, falling back to 1 default profile: "default"
2025-03-18T22:39:12.944+05:30  INFO 7124 --- [SampleProject-1] [           main] .s.d.r.c.RepositoryConfigurationDelegate : Bootstrapping Spring Data JPA repositories in DEFAULT mode.
2025-03-18T22:39:13.035+05:30  INFO 7124 --- [SampleProject-1] [           main] .s.d.r.c.RepositoryConfigurationDelegate : Finished Spring Data repository scanning in 69 ms. Found 2 JPA repository interfaces.
2025-03-18T22:39:13.515+05:30  INFO 7124 --- [SampleProject-1] [           main] o.hibernate.jpa.internal.util.LogHelper  : HHH000204: Processing PersistenceUnitInfo [name: default]
2025-03-18T22:39:13.592+05:30  INFO 7124 --- [SampleProject-1] [           main] org.hibernate.Version                    : HHH000412: Hibernate ORM core version 6.6.8.Final
2025-03-18T22:39:13.641+05:30  INFO 7124 --- [SampleProject-1] [           main] o.h.c.internal.RegionFactoryInitiator    : HHH000026: Second-level cache disabled
2025-03-18T22:39:14.049+05:30  INFO 7124 --- [SampleProject-1] [           main] o.s.o.j.p.SpringPersistenceUnitInfo      : No LoadTimeWeaver setup: ignoring JPA class transformer
2025-03-18T22:39:14.104+05:30  INFO 7124 --- [SampleProject-1] [           main] com.zaxxer.hikari.HikariDataSource       : HikariPool-1 - Starting...
2025-03-18T22:39:16.594+05:30  INFO 7124 --- [SampleProject-1] [           main] com.zaxxer.hikari.pool.HikariPool        : HikariPool-1 - Added connection org.postgresql.jdbc.PgConnection@4d4b019e
2025-03-18T22:39:16.596+05:30  INFO 7124 --- [SampleProject-1] [           main] com.zaxxer.hikari.HikariDataSource       : HikariPool-1 - Start completed.
2025-03-18T22:39:17.651+05:30  INFO 7124 --- [SampleProject-1] [           main] org.hibernate.orm.connections.pooling    : HHH10001005: Database info:
	Database JDBC URL [Connecting through datasource 'HikariDataSource (HikariPool-1)']
	Database driver: undefined/unknown
	Database version: 16.8
	Autocommit mode: undefined/unknown
	Isolation level: undefined/unknown
	Minimum pool size: undefined/unknown
	Maximum pool size: undefined/unknown
2025-03-18T22:39:18.687+05:30  INFO 7124 --- [SampleProject-1] [           main] o.h.e.t.j.p.i.JtaPlatformInitiator       : HHH000489: No JTA platform available (set 'hibernate.transaction.jta.platform' to enable JTA platform integration)
2025-03-18T22:39:19.708+05:30  INFO 7124 --- [SampleProject-1] [           main] j.LocalContainerEntityManagerFactoryBean : Initialized JPA EntityManagerFactory for persistence unit 'default'
2025-03-18T22:39:20.035+05:30  INFO 7124 --- [SampleProject-1] [           main] o.s.d.j.r.query.QueryEnhancerFactory     : Hibernate is in classpath; If applicable, HQL parser will be used.
2025-03-18T22:39:20.703+05:30  WARN 7124 --- [SampleProject-1] [           main] JpaBaseConfiguration$JpaWebConfiguration : spring.jpa.open-in-view is enabled by default. Therefore, database queries may be performed during view rendering. Explicitly configure spring.jpa.open-in-view to disable this warning
2025-03-18T22:39:20.730+05:30  INFO 7124 --- [SampleProject-1] [           main] o.s.b.a.w.s.WelcomePageHandlerMapping    : Adding welcome page: class path resource [static/index.html]
2025-03-18T22:39:21.142+05:30  INFO 7124 --- [SampleProject-1] [           main] c.e.e.SampleProject1ApplicationTests     : Started SampleProject1ApplicationTests in 9.212 seconds (process running for 10.221)
]]></system-out>
  </testcase>
</testsuite>